{"/home/ge/Projects/switchback/main/vite.config.ts": {"path":"/home/ge/Projects/switchback/main/vite.config.ts","all":true,"statementMap":{"0":{"start":{"line":1,"column":0},"end":{"line":1,"column":36}},"1":{"start":{"line":2,"column":0},"end":{"line":2,"column":31}},"2":{"start":{"line":3,"column":0},"end":{"line":3,"column":34}},"4":{"start":{"line":5,"column":0},"end":{"line":5,"column":29}},"5":{"start":{"line":6,"column":0},"end":{"line":6,"column":10}},"6":{"start":{"line":7,"column":0},"end":{"line":7,"column":10}},"7":{"start":{"line":8,"column":0},"end":{"line":8,"column":48}},"8":{"start":{"line":9,"column":0},"end":{"line":9,"column":25}},"9":{"start":{"line":10,"column":0},"end":{"line":10,"column":24}},"10":{"start":{"line":11,"column":0},"end":{"line":11,"column":22}},"11":{"start":{"line":12,"column":0},"end":{"line":12,"column":6}},"12":{"start":{"line":13,"column":0},"end":{"line":13,"column":20}},"13":{"start":{"line":14,"column":0},"end":{"line":14,"column":19}},"14":{"start":{"line":15,"column":0},"end":{"line":15,"column":6}},"15":{"start":{"line":16,"column":0},"end":{"line":16,"column":4}},"16":{"start":{"line":17,"column":0},"end":{"line":17,"column":48}},"17":{"start":{"line":18,"column":0},"end":{"line":18,"column":9}},"18":{"start":{"line":19,"column":0},"end":{"line":19,"column":18}},"19":{"start":{"line":20,"column":0},"end":{"line":20,"column":25}},"20":{"start":{"line":21,"column":0},"end":{"line":21,"column":15}},"21":{"start":{"line":22,"column":0},"end":{"line":22,"column":21}},"22":{"start":{"line":23,"column":0},"end":{"line":23,"column":41}},"23":{"start":{"line":24,"column":0},"end":{"line":24,"column":58}},"24":{"start":{"line":25,"column":0},"end":{"line":25,"column":6}},"25":{"start":{"line":26,"column":0},"end":{"line":26,"column":4}},"26":{"start":{"line":27,"column":0},"end":{"line":27,"column":3}}},"s":{"0":0,"1":0,"2":0,"4":0,"5":0,"6":0,"7":0,"8":0,"9":0,"10":0,"11":0,"12":0,"13":0,"14":0,"15":0,"16":0,"17":0,"18":0,"19":0,"20":0,"21":0,"22":0,"23":0,"24":0,"25":0,"26":0},"branchMap":{"0":{"type":"branch","line":1,"loc":{"start":{"line":1,"column":598},"end":{"line":27,"column":3}},"locations":[{"start":{"line":1,"column":598},"end":{"line":27,"column":3}}]}},"b":{"0":[0]},"fnMap":{"0":{"name":"(empty-report)","decl":{"start":{"line":1,"column":598},"end":{"line":27,"column":3}},"loc":{"start":{"line":1,"column":598},"end":{"line":27,"column":3}},"line":1}},"f":{"0":0}}
,"/home/ge/Projects/switchback/main/examples/app.tsx": {"path":"/home/ge/Projects/switchback/main/examples/app.tsx","all":true,"statementMap":{"10":{"start":{"line":11,"column":0},"end":{"line":11,"column":72}},"12":{"start":{"line":13,"column":0},"end":{"line":13,"column":67}},"23":{"start":{"line":24,"column":0},"end":{"line":24,"column":61}},"29":{"start":{"line":30,"column":0},"end":{"line":30,"column":53}},"30":{"start":{"line":31,"column":0},"end":{"line":31,"column":19}},"31":{"start":{"line":32,"column":0},"end":{"line":32,"column":9}},"32":{"start":{"line":33,"column":0},"end":{"line":33,"column":26}},"33":{"start":{"line":34,"column":0},"end":{"line":34,"column":32}},"34":{"start":{"line":35,"column":0},"end":{"line":35,"column":32}},"35":{"start":{"line":36,"column":0},"end":{"line":36,"column":10}},"37":{"start":{"line":38,"column":0},"end":{"line":38,"column":21}},"39":{"start":{"line":40,"column":0},"end":{"line":40,"column":10}},"40":{"start":{"line":41,"column":0},"end":{"line":41,"column":16}},"41":{"start":{"line":42,"column":0},"end":{"line":42,"column":11}},"42":{"start":{"line":43,"column":0},"end":{"line":43,"column":8}},"45":{"start":{"line":46,"column":0},"end":{"line":46,"column":29}},"46":{"start":{"line":47,"column":0},"end":{"line":47,"column":33}},"48":{"start":{"line":49,"column":0},"end":{"line":49,"column":26}},"50":{"start":{"line":51,"column":0},"end":{"line":51,"column":10}},"51":{"start":{"line":52,"column":0},"end":{"line":52,"column":45}},"52":{"start":{"line":53,"column":0},"end":{"line":53,"column":21}},"53":{"start":{"line":54,"column":0},"end":{"line":54,"column":61}},"54":{"start":{"line":55,"column":0},"end":{"line":55,"column":10}},"56":{"start":{"line":57,"column":0},"end":{"line":57,"column":2}},"58":{"start":{"line":59,"column":0},"end":{"line":59,"column":41}},"59":{"start":{"line":60,"column":0},"end":{"line":60,"column":10}},"60":{"start":{"line":61,"column":0},"end":{"line":61,"column":20}},"61":{"start":{"line":62,"column":0},"end":{"line":62,"column":23}},"62":{"start":{"line":63,"column":0},"end":{"line":63,"column":37}},"63":{"start":{"line":64,"column":0},"end":{"line":64,"column":37}},"64":{"start":{"line":65,"column":0},"end":{"line":65,"column":10}},"65":{"start":{"line":66,"column":0},"end":{"line":66,"column":39}},"66":{"start":{"line":67,"column":0},"end":{"line":67,"column":11}},"69":{"start":{"line":70,"column":0},"end":{"line":70,"column":38}},"70":{"start":{"line":71,"column":0},"end":{"line":71,"column":10}},"71":{"start":{"line":72,"column":0},"end":{"line":72,"column":18}},"72":{"start":{"line":73,"column":0},"end":{"line":73,"column":27}},"73":{"start":{"line":74,"column":0},"end":{"line":74,"column":33}},"74":{"start":{"line":75,"column":0},"end":{"line":75,"column":45}},"75":{"start":{"line":76,"column":0},"end":{"line":76,"column":14}},"76":{"start":{"line":77,"column":0},"end":{"line":77,"column":57}},"77":{"start":{"line":78,"column":0},"end":{"line":78,"column":15}},"78":{"start":{"line":79,"column":0},"end":{"line":79,"column":29}},"79":{"start":{"line":80,"column":0},"end":{"line":80,"column":14}},"80":{"start":{"line":81,"column":0},"end":{"line":81,"column":9}},"81":{"start":{"line":82,"column":0},"end":{"line":82,"column":10}},"82":{"start":{"line":83,"column":0},"end":{"line":83,"column":44}},"83":{"start":{"line":84,"column":0},"end":{"line":84,"column":11}},"86":{"start":{"line":87,"column":0},"end":{"line":87,"column":37}},"87":{"start":{"line":88,"column":0},"end":{"line":88,"column":10}},"88":{"start":{"line":89,"column":0},"end":{"line":89,"column":24}},"89":{"start":{"line":90,"column":0},"end":{"line":90,"column":47}},"90":{"start":{"line":91,"column":0},"end":{"line":91,"column":49}},"92":{"start":{"line":93,"column":0},"end":{"line":93,"column":25}},"93":{"start":{"line":94,"column":0},"end":{"line":94,"column":49}},"94":{"start":{"line":95,"column":0},"end":{"line":95,"column":13}},"95":{"start":{"line":96,"column":0},"end":{"line":96,"column":24}},"96":{"start":{"line":97,"column":0},"end":{"line":97,"column":45}},"97":{"start":{"line":98,"column":0},"end":{"line":98,"column":61}},"98":{"start":{"line":99,"column":0},"end":{"line":99,"column":11}},"99":{"start":{"line":100,"column":0},"end":{"line":100,"column":10}},"100":{"start":{"line":101,"column":0},"end":{"line":101,"column":7}},"102":{"start":{"line":103,"column":0},"end":{"line":103,"column":15}},"103":{"start":{"line":104,"column":0},"end":{"line":104,"column":10}},"105":{"start":{"line":106,"column":0},"end":{"line":106,"column":37}},"106":{"start":{"line":107,"column":0},"end":{"line":107,"column":11}},"109":{"start":{"line":110,"column":0},"end":{"line":110,"column":45}},"110":{"start":{"line":111,"column":0},"end":{"line":111,"column":10}},"111":{"start":{"line":112,"column":0},"end":{"line":112,"column":46}},"113":{"start":{"line":114,"column":0},"end":{"line":114,"column":71}},"114":{"start":{"line":115,"column":0},"end":{"line":115,"column":30}},"115":{"start":{"line":116,"column":0},"end":{"line":116,"column":39}},"116":{"start":{"line":117,"column":0},"end":{"line":117,"column":14}},"117":{"start":{"line":118,"column":0},"end":{"line":118,"column":19}},"118":{"start":{"line":119,"column":0},"end":{"line":119,"column":21}},"119":{"start":{"line":120,"column":0},"end":{"line":120,"column":34}},"120":{"start":{"line":121,"column":0},"end":{"line":121,"column":45}},"121":{"start":{"line":122,"column":0},"end":{"line":122,"column":10}},"122":{"start":{"line":123,"column":0},"end":{"line":123,"column":74}},"123":{"start":{"line":124,"column":0},"end":{"line":124,"column":12}},"125":{"start":{"line":126,"column":0},"end":{"line":126,"column":30}},"126":{"start":{"line":127,"column":0},"end":{"line":127,"column":41}},"127":{"start":{"line":128,"column":0},"end":{"line":128,"column":14}},"128":{"start":{"line":129,"column":0},"end":{"line":129,"column":20}},"129":{"start":{"line":130,"column":0},"end":{"line":130,"column":22}},"130":{"start":{"line":131,"column":0},"end":{"line":131,"column":22}},"131":{"start":{"line":132,"column":0},"end":{"line":132,"column":35}},"132":{"start":{"line":133,"column":0},"end":{"line":133,"column":46}},"133":{"start":{"line":134,"column":0},"end":{"line":134,"column":10}},"134":{"start":{"line":135,"column":0},"end":{"line":135,"column":76}},"135":{"start":{"line":136,"column":0},"end":{"line":136,"column":12}},"137":{"start":{"line":138,"column":0},"end":{"line":138,"column":32}},"138":{"start":{"line":139,"column":0},"end":{"line":139,"column":43}},"139":{"start":{"line":140,"column":0},"end":{"line":140,"column":66}},"140":{"start":{"line":141,"column":0},"end":{"line":141,"column":12}},"141":{"start":{"line":142,"column":0},"end":{"line":142,"column":11}},"142":{"start":{"line":143,"column":0},"end":{"line":143,"column":11}},"145":{"start":{"line":146,"column":0},"end":{"line":146,"column":47}},"146":{"start":{"line":147,"column":0},"end":{"line":147,"column":10}},"147":{"start":{"line":148,"column":0},"end":{"line":148,"column":29}},"148":{"start":{"line":149,"column":0},"end":{"line":149,"column":46}},"149":{"start":{"line":150,"column":0},"end":{"line":150,"column":22}},"150":{"start":{"line":151,"column":0},"end":{"line":151,"column":8}},"151":{"start":{"line":152,"column":0},"end":{"line":152,"column":42}},"152":{"start":{"line":153,"column":0},"end":{"line":153,"column":40}},"153":{"start":{"line":154,"column":0},"end":{"line":154,"column":9}},"154":{"start":{"line":155,"column":0},"end":{"line":155,"column":9}},"155":{"start":{"line":156,"column":0},"end":{"line":156,"column":24}},"156":{"start":{"line":157,"column":0},"end":{"line":157,"column":11}},"163":{"start":{"line":164,"column":0},"end":{"line":164,"column":52}},"164":{"start":{"line":165,"column":0},"end":{"line":165,"column":15}},"165":{"start":{"line":166,"column":0},"end":{"line":166,"column":26}},"166":{"start":{"line":167,"column":0},"end":{"line":167,"column":25}},"167":{"start":{"line":168,"column":0},"end":{"line":168,"column":25}},"168":{"start":{"line":169,"column":0},"end":{"line":169,"column":17}},"169":{"start":{"line":170,"column":0},"end":{"line":170,"column":2}},"175":{"start":{"line":176,"column":0},"end":{"line":176,"column":21}},"176":{"start":{"line":177,"column":0},"end":{"line":177,"column":30}},"177":{"start":{"line":178,"column":0},"end":{"line":178,"column":34}},"178":{"start":{"line":179,"column":0},"end":{"line":179,"column":21}},"179":{"start":{"line":180,"column":0},"end":{"line":180,"column":55}},"180":{"start":{"line":181,"column":0},"end":{"line":181,"column":5}},"181":{"start":{"line":182,"column":0},"end":{"line":182,"column":21}},"182":{"start":{"line":183,"column":0},"end":{"line":183,"column":4}},"184":{"start":{"line":185,"column":0},"end":{"line":185,"column":34}},"186":{"start":{"line":187,"column":0},"end":{"line":187,"column":22}},"187":{"start":{"line":188,"column":0},"end":{"line":188,"column":34}},"189":{"start":{"line":190,"column":0},"end":{"line":190,"column":51}},"190":{"start":{"line":191,"column":0},"end":{"line":191,"column":5}},"193":{"start":{"line":194,"column":0},"end":{"line":194,"column":48}},"195":{"start":{"line":196,"column":0},"end":{"line":196,"column":26}},"196":{"start":{"line":197,"column":0},"end":{"line":197,"column":24}},"197":{"start":{"line":198,"column":0},"end":{"line":198,"column":33}},"198":{"start":{"line":199,"column":0},"end":{"line":199,"column":6}},"201":{"start":{"line":202,"column":0},"end":{"line":202,"column":13}},"204":{"start":{"line":205,"column":0},"end":{"line":205,"column":37}},"205":{"start":{"line":206,"column":0},"end":{"line":206,"column":48}},"206":{"start":{"line":207,"column":0},"end":{"line":207,"column":5}},"207":{"start":{"line":208,"column":0},"end":{"line":208,"column":52}},"208":{"start":{"line":209,"column":0},"end":{"line":209,"column":15}},"209":{"start":{"line":210,"column":0},"end":{"line":210,"column":7}},"210":{"start":{"line":211,"column":0},"end":{"line":211,"column":4}},"212":{"start":{"line":213,"column":0},"end":{"line":213,"column":43}},"214":{"start":{"line":215,"column":0},"end":{"line":215,"column":13}},"215":{"start":{"line":216,"column":0},"end":{"line":216,"column":15}},"216":{"start":{"line":217,"column":0},"end":{"line":217,"column":21}},"217":{"start":{"line":218,"column":0},"end":{"line":218,"column":21}},"218":{"start":{"line":219,"column":0},"end":{"line":219,"column":22}},"219":{"start":{"line":220,"column":0},"end":{"line":220,"column":4}},"220":{"start":{"line":221,"column":0},"end":{"line":221,"column":3}},"226":{"start":{"line":227,"column":0},"end":{"line":227,"column":65}}},"s":{"10":0,"12":0,"23":0,"29":0,"30":0,"31":0,"32":0,"33":0,"34":0,"35":0,"37":0,"39":0,"40":0,"41":0,"42":0,"45":0,"46":0,"48":0,"50":0,"51":0,"52":0,"53":0,"54":0,"56":0,"58":0,"59":0,"60":0,"61":0,"62":0,"63":0,"64":0,"65":0,"66":0,"69":0,"70":0,"71":0,"72":0,"73":0,"74":0,"75":0,"76":0,"77":0,"78":0,"79":0,"80":0,"81":0,"82":0,"83":0,"86":0,"87":0,"88":0,"89":0,"90":0,"92":0,"93":0,"94":0,"95":0,"96":0,"97":0,"98":0,"99":0,"100":0,"102":0,"103":0,"105":0,"106":0,"109":0,"110":0,"111":0,"113":0,"114":0,"115":0,"116":0,"117":0,"118":0,"119":0,"120":0,"121":0,"122":0,"123":0,"125":0,"126":0,"127":0,"128":0,"129":0,"130":0,"131":0,"132":0,"133":0,"134":0,"135":0,"137":0,"138":0,"139":0,"140":0,"141":0,"142":0,"145":0,"146":0,"147":0,"148":0,"149":0,"150":0,"151":0,"152":0,"153":0,"154":0,"155":0,"156":0,"163":0,"164":0,"165":0,"166":0,"167":0,"168":0,"169":0,"175":0,"176":0,"177":0,"178":0,"179":0,"180":0,"181":0,"182":0,"184":0,"186":0,"187":0,"189":0,"190":0,"193":0,"195":0,"196":0,"197":0,"198":0,"201":0,"204":0,"205":0,"206":0,"207":0,"208":0,"209":0,"210":0,"212":0,"214":0,"215":0,"216":0,"217":0,"218":0,"219":0,"220":0,"226":0},"branchMap":{"0":{"type":"branch","line":1,"loc":{"start":{"line":1,"column":243},"end":{"line":227,"column":-329}},"locations":[{"start":{"line":1,"column":243},"end":{"line":227,"column":-329}}]}},"b":{"0":[1]},"fnMap":{"0":{"name":"(empty-report)","decl":{"start":{"line":1,"column":243},"end":{"line":227,"column":-329}},"loc":{"start":{"line":1,"column":243},"end":{"line":227,"column":-329}},"line":1}},"f":{"0":1}}
,"/home/ge/Projects/switchback/main/examples/main.ts": {"path":"/home/ge/Projects/switchback/main/examples/main.ts","all":true,"statementMap":{"10":{"start":{"line":11,"column":0},"end":{"line":11,"column":79}},"23":{"start":{"line":24,"column":0},"end":{"line":24,"column":27}},"24":{"start":{"line":25,"column":0},"end":{"line":25,"column":85}},"25":{"start":{"line":26,"column":0},"end":{"line":26,"column":79}},"26":{"start":{"line":27,"column":0},"end":{"line":27,"column":87}},"27":{"start":{"line":28,"column":0},"end":{"line":28,"column":2}},"30":{"start":{"line":31,"column":0},"end":{"line":31,"column":72}},"31":{"start":{"line":32,"column":0},"end":{"line":32,"column":83}},"33":{"start":{"line":34,"column":0},"end":{"line":34,"column":61}},"36":{"start":{"line":37,"column":0},"end":{"line":37,"column":36}},"37":{"start":{"line":38,"column":0},"end":{"line":38,"column":12}},"38":{"start":{"line":39,"column":0},"end":{"line":39,"column":24}},"39":{"start":{"line":40,"column":0},"end":{"line":40,"column":14}},"40":{"start":{"line":41,"column":0},"end":{"line":41,"column":39}},"41":{"start":{"line":42,"column":0},"end":{"line":42,"column":54}},"42":{"start":{"line":43,"column":0},"end":{"line":43,"column":8}},"43":{"start":{"line":44,"column":0},"end":{"line":44,"column":15}},"44":{"start":{"line":45,"column":0},"end":{"line":45,"column":6}},"45":{"start":{"line":46,"column":0},"end":{"line":46,"column":3}},"48":{"start":{"line":49,"column":0},"end":{"line":49,"column":26}},"49":{"start":{"line":50,"column":0},"end":{"line":50,"column":12}},"50":{"start":{"line":51,"column":0},"end":{"line":51,"column":31}},"51":{"start":{"line":52,"column":0},"end":{"line":52,"column":34}},"52":{"start":{"line":53,"column":0},"end":{"line":53,"column":20}},"53":{"start":{"line":54,"column":0},"end":{"line":54,"column":6}},"54":{"start":{"line":55,"column":0},"end":{"line":55,"column":3}},"57":{"start":{"line":58,"column":0},"end":{"line":58,"column":51}},"58":{"start":{"line":59,"column":0},"end":{"line":59,"column":18}},"59":{"start":{"line":60,"column":0},"end":{"line":60,"column":42}},"60":{"start":{"line":61,"column":0},"end":{"line":61,"column":54}},"62":{"start":{"line":63,"column":0},"end":{"line":63,"column":15}},"63":{"start":{"line":64,"column":0},"end":{"line":64,"column":14}},"64":{"start":{"line":65,"column":0},"end":{"line":65,"column":32}},"65":{"start":{"line":66,"column":0},"end":{"line":66,"column":24}},"66":{"start":{"line":67,"column":0},"end":{"line":67,"column":32}},"67":{"start":{"line":68,"column":0},"end":{"line":68,"column":8}},"68":{"start":{"line":69,"column":0},"end":{"line":69,"column":5}},"69":{"start":{"line":70,"column":0},"end":{"line":70,"column":3}},"72":{"start":{"line":73,"column":0},"end":{"line":73,"column":26}},"73":{"start":{"line":74,"column":0},"end":{"line":74,"column":12}},"74":{"start":{"line":75,"column":0},"end":{"line":75,"column":25}},"75":{"start":{"line":76,"column":0},"end":{"line":76,"column":14}},"76":{"start":{"line":77,"column":0},"end":{"line":77,"column":25}},"77":{"start":{"line":78,"column":0},"end":{"line":78,"column":19}},"78":{"start":{"line":79,"column":0},"end":{"line":79,"column":30}},"79":{"start":{"line":80,"column":0},"end":{"line":80,"column":42}},"80":{"start":{"line":81,"column":0},"end":{"line":81,"column":35}},"81":{"start":{"line":82,"column":0},"end":{"line":82,"column":40}},"82":{"start":{"line":83,"column":0},"end":{"line":83,"column":26}},"83":{"start":{"line":84,"column":0},"end":{"line":84,"column":31}},"84":{"start":{"line":85,"column":0},"end":{"line":85,"column":27}},"85":{"start":{"line":86,"column":0},"end":{"line":86,"column":10}},"86":{"start":{"line":87,"column":0},"end":{"line":87,"column":8}},"87":{"start":{"line":88,"column":0},"end":{"line":88,"column":20}},"88":{"start":{"line":89,"column":0},"end":{"line":89,"column":6}},"89":{"start":{"line":90,"column":0},"end":{"line":90,"column":3}},"91":{"start":{"line":92,"column":0},"end":{"line":92,"column":36}},"92":{"start":{"line":93,"column":0},"end":{"line":93,"column":1}},"98":{"start":{"line":99,"column":0},"end":{"line":99,"column":66}},"99":{"start":{"line":100,"column":0},"end":{"line":100,"column":45}},"101":{"start":{"line":102,"column":0},"end":{"line":102,"column":68}},"102":{"start":{"line":103,"column":0},"end":{"line":103,"column":23}},"103":{"start":{"line":104,"column":0},"end":{"line":104,"column":39}},"104":{"start":{"line":105,"column":0},"end":{"line":105,"column":1}},"106":{"start":{"line":107,"column":0},"end":{"line":107,"column":47}},"107":{"start":{"line":108,"column":0},"end":{"line":108,"column":34}},"108":{"start":{"line":109,"column":0},"end":{"line":109,"column":16}},"109":{"start":{"line":110,"column":0},"end":{"line":110,"column":70}},"110":{"start":{"line":111,"column":0},"end":{"line":111,"column":4}},"111":{"start":{"line":112,"column":0},"end":{"line":112,"column":1}},"117":{"start":{"line":118,"column":0},"end":{"line":118,"column":75}},"118":{"start":{"line":119,"column":0},"end":{"line":119,"column":46}},"120":{"start":{"line":121,"column":0},"end":{"line":121,"column":43}},"121":{"start":{"line":122,"column":0},"end":{"line":122,"column":31}},"122":{"start":{"line":123,"column":0},"end":{"line":123,"column":71}},"123":{"start":{"line":124,"column":0},"end":{"line":124,"column":56}},"124":{"start":{"line":125,"column":0},"end":{"line":125,"column":37}},"125":{"start":{"line":126,"column":0},"end":{"line":126,"column":12}},"126":{"start":{"line":127,"column":0},"end":{"line":127,"column":44}},"127":{"start":{"line":128,"column":0},"end":{"line":128,"column":5}},"128":{"start":{"line":129,"column":0},"end":{"line":129,"column":5}},"130":{"start":{"line":131,"column":0},"end":{"line":131,"column":36}},"131":{"start":{"line":132,"column":0},"end":{"line":132,"column":65}},"132":{"start":{"line":133,"column":0},"end":{"line":133,"column":66}},"133":{"start":{"line":134,"column":0},"end":{"line":134,"column":39}},"134":{"start":{"line":135,"column":0},"end":{"line":135,"column":33}},"135":{"start":{"line":136,"column":0},"end":{"line":136,"column":5}},"136":{"start":{"line":137,"column":0},"end":{"line":137,"column":5}},"138":{"start":{"line":139,"column":0},"end":{"line":139,"column":17}},"139":{"start":{"line":140,"column":0},"end":{"line":140,"column":1}},"141":{"start":{"line":142,"column":0},"end":{"line":142,"column":53}},"142":{"start":{"line":143,"column":0},"end":{"line":143,"column":26}},"143":{"start":{"line":144,"column":0},"end":{"line":144,"column":84}},"144":{"start":{"line":145,"column":0},"end":{"line":145,"column":103}},"145":{"start":{"line":146,"column":0},"end":{"line":146,"column":95}},"146":{"start":{"line":147,"column":0},"end":{"line":147,"column":4}},"148":{"start":{"line":149,"column":0},"end":{"line":149,"column":39}},"150":{"start":{"line":151,"column":0},"end":{"line":151,"column":33}},"151":{"start":{"line":152,"column":0},"end":{"line":152,"column":29}},"153":{"start":{"line":154,"column":0},"end":{"line":154,"column":21}},"154":{"start":{"line":155,"column":0},"end":{"line":155,"column":135}},"155":{"start":{"line":156,"column":0},"end":{"line":156,"column":42}},"156":{"start":{"line":157,"column":0},"end":{"line":157,"column":19}},"157":{"start":{"line":158,"column":0},"end":{"line":158,"column":37}},"158":{"start":{"line":159,"column":0},"end":{"line":159,"column":13}},"159":{"start":{"line":160,"column":0},"end":{"line":160,"column":6}},"160":{"start":{"line":161,"column":0},"end":{"line":161,"column":33}},"161":{"start":{"line":162,"column":0},"end":{"line":162,"column":3}},"163":{"start":{"line":164,"column":0},"end":{"line":164,"column":30}},"164":{"start":{"line":165,"column":0},"end":{"line":165,"column":19}},"165":{"start":{"line":166,"column":0},"end":{"line":166,"column":1}},"168":{"start":{"line":169,"column":0},"end":{"line":169,"column":44}},"169":{"start":{"line":170,"column":0},"end":{"line":170,"column":16}},"170":{"start":{"line":171,"column":0},"end":{"line":171,"column":16}},"171":{"start":{"line":172,"column":0},"end":{"line":172,"column":31}},"172":{"start":{"line":173,"column":0},"end":{"line":173,"column":107}},"173":{"start":{"line":174,"column":0},"end":{"line":174,"column":34}},"174":{"start":{"line":175,"column":0},"end":{"line":175,"column":40}},"175":{"start":{"line":176,"column":0},"end":{"line":176,"column":45}},"176":{"start":{"line":177,"column":0},"end":{"line":177,"column":31}},"177":{"start":{"line":178,"column":0},"end":{"line":178,"column":10}},"178":{"start":{"line":179,"column":0},"end":{"line":179,"column":40}},"179":{"start":{"line":180,"column":0},"end":{"line":180,"column":45}},"180":{"start":{"line":181,"column":0},"end":{"line":181,"column":31}},"181":{"start":{"line":182,"column":0},"end":{"line":182,"column":9}},"182":{"start":{"line":183,"column":0},"end":{"line":183,"column":8}},"183":{"start":{"line":184,"column":0},"end":{"line":184,"column":44}},"184":{"start":{"line":185,"column":0},"end":{"line":185,"column":92}},"185":{"start":{"line":186,"column":0},"end":{"line":186,"column":8}},"186":{"start":{"line":187,"column":0},"end":{"line":187,"column":46}},"187":{"start":{"line":188,"column":0},"end":{"line":188,"column":66}},"188":{"start":{"line":189,"column":0},"end":{"line":189,"column":7}},"189":{"start":{"line":190,"column":0},"end":{"line":190,"column":5}},"190":{"start":{"line":191,"column":0},"end":{"line":191,"column":4}},"191":{"start":{"line":192,"column":0},"end":{"line":192,"column":1}},"194":{"start":{"line":195,"column":0},"end":{"line":195,"column":50}},"195":{"start":{"line":196,"column":0},"end":{"line":196,"column":51}},"196":{"start":{"line":197,"column":0},"end":{"line":197,"column":36}},"197":{"start":{"line":198,"column":0},"end":{"line":198,"column":17}},"198":{"start":{"line":199,"column":0},"end":{"line":199,"column":56}},"199":{"start":{"line":200,"column":0},"end":{"line":200,"column":8}},"200":{"start":{"line":201,"column":0},"end":{"line":201,"column":28}},"201":{"start":{"line":202,"column":0},"end":{"line":202,"column":5}},"202":{"start":{"line":203,"column":0},"end":{"line":203,"column":4}},"204":{"start":{"line":205,"column":0},"end":{"line":205,"column":16}},"205":{"start":{"line":206,"column":0},"end":{"line":206,"column":16}},"206":{"start":{"line":207,"column":0},"end":{"line":207,"column":27}},"207":{"start":{"line":208,"column":0},"end":{"line":208,"column":53}},"208":{"start":{"line":209,"column":0},"end":{"line":209,"column":46}},"209":{"start":{"line":210,"column":0},"end":{"line":210,"column":47}},"210":{"start":{"line":211,"column":0},"end":{"line":211,"column":7}},"211":{"start":{"line":212,"column":0},"end":{"line":212,"column":5}},"212":{"start":{"line":213,"column":0},"end":{"line":213,"column":4}},"213":{"start":{"line":214,"column":0},"end":{"line":214,"column":1}},"216":{"start":{"line":217,"column":0},"end":{"line":217,"column":48}},"217":{"start":{"line":218,"column":0},"end":{"line":218,"column":16}},"218":{"start":{"line":219,"column":0},"end":{"line":219,"column":16}},"219":{"start":{"line":220,"column":0},"end":{"line":220,"column":35}},"220":{"start":{"line":221,"column":0},"end":{"line":221,"column":63}},"221":{"start":{"line":222,"column":0},"end":{"line":222,"column":65}},"222":{"start":{"line":223,"column":0},"end":{"line":223,"column":36}},"223":{"start":{"line":224,"column":0},"end":{"line":224,"column":21}},"224":{"start":{"line":225,"column":0},"end":{"line":225,"column":26}},"225":{"start":{"line":226,"column":0},"end":{"line":226,"column":99}},"226":{"start":{"line":227,"column":0},"end":{"line":227,"column":11}},"227":{"start":{"line":228,"column":0},"end":{"line":228,"column":24}},"228":{"start":{"line":229,"column":0},"end":{"line":229,"column":21}},"229":{"start":{"line":230,"column":0},"end":{"line":230,"column":30}},"230":{"start":{"line":231,"column":0},"end":{"line":231,"column":26}},"231":{"start":{"line":232,"column":0},"end":{"line":232,"column":47}},"232":{"start":{"line":233,"column":0},"end":{"line":233,"column":97}},"233":{"start":{"line":234,"column":0},"end":{"line":234,"column":30}},"234":{"start":{"line":235,"column":0},"end":{"line":235,"column":13}},"235":{"start":{"line":236,"column":0},"end":{"line":236,"column":11}},"236":{"start":{"line":237,"column":0},"end":{"line":237,"column":25}},"237":{"start":{"line":238,"column":0},"end":{"line":238,"column":8}},"238":{"start":{"line":239,"column":0},"end":{"line":239,"column":46}},"239":{"start":{"line":240,"column":0},"end":{"line":240,"column":53}},"240":{"start":{"line":241,"column":0},"end":{"line":241,"column":7}},"241":{"start":{"line":242,"column":0},"end":{"line":242,"column":5}},"242":{"start":{"line":243,"column":0},"end":{"line":243,"column":4}},"243":{"start":{"line":244,"column":0},"end":{"line":244,"column":1}},"246":{"start":{"line":247,"column":0},"end":{"line":247,"column":45}},"247":{"start":{"line":248,"column":0},"end":{"line":248,"column":58}},"248":{"start":{"line":249,"column":0},"end":{"line":249,"column":24}},"249":{"start":{"line":250,"column":0},"end":{"line":250,"column":4}},"251":{"start":{"line":252,"column":0},"end":{"line":252,"column":16}},"252":{"start":{"line":253,"column":0},"end":{"line":253,"column":16}},"253":{"start":{"line":254,"column":0},"end":{"line":254,"column":38}},"254":{"start":{"line":255,"column":0},"end":{"line":255,"column":62}},"255":{"start":{"line":256,"column":0},"end":{"line":256,"column":31}},"256":{"start":{"line":257,"column":0},"end":{"line":257,"column":31}},"257":{"start":{"line":258,"column":0},"end":{"line":258,"column":34}},"258":{"start":{"line":259,"column":0},"end":{"line":259,"column":16}},"259":{"start":{"line":260,"column":0},"end":{"line":260,"column":91}},"260":{"start":{"line":261,"column":0},"end":{"line":261,"column":92}},"261":{"start":{"line":262,"column":0},"end":{"line":262,"column":74}},"262":{"start":{"line":263,"column":0},"end":{"line":263,"column":8}},"263":{"start":{"line":264,"column":0},"end":{"line":264,"column":16}},"264":{"start":{"line":265,"column":0},"end":{"line":265,"column":64}},"265":{"start":{"line":266,"column":0},"end":{"line":266,"column":38}},"266":{"start":{"line":267,"column":0},"end":{"line":267,"column":50}},"267":{"start":{"line":268,"column":0},"end":{"line":268,"column":8}},"268":{"start":{"line":269,"column":0},"end":{"line":269,"column":46}},"269":{"start":{"line":270,"column":0},"end":{"line":270,"column":47}},"270":{"start":{"line":271,"column":0},"end":{"line":271,"column":7}},"271":{"start":{"line":272,"column":0},"end":{"line":272,"column":5}},"272":{"start":{"line":273,"column":0},"end":{"line":273,"column":4}},"273":{"start":{"line":274,"column":0},"end":{"line":274,"column":1}},"279":{"start":{"line":280,"column":0},"end":{"line":280,"column":60}},"280":{"start":{"line":281,"column":0},"end":{"line":281,"column":19}},"281":{"start":{"line":282,"column":0},"end":{"line":282,"column":32}},"282":{"start":{"line":283,"column":0},"end":{"line":283,"column":29}},"283":{"start":{"line":284,"column":0},"end":{"line":284,"column":21}},"284":{"start":{"line":285,"column":0},"end":{"line":285,"column":2}},"291":{"start":{"line":292,"column":0},"end":{"line":292,"column":35}},"292":{"start":{"line":293,"column":0},"end":{"line":293,"column":72}},"293":{"start":{"line":294,"column":0},"end":{"line":294,"column":96}},"294":{"start":{"line":295,"column":0},"end":{"line":295,"column":45}},"296":{"start":{"line":297,"column":0},"end":{"line":297,"column":36}},"297":{"start":{"line":298,"column":0},"end":{"line":298,"column":9}},"298":{"start":{"line":299,"column":0},"end":{"line":299,"column":50}},"299":{"start":{"line":300,"column":0},"end":{"line":300,"column":53}},"300":{"start":{"line":301,"column":0},"end":{"line":301,"column":20}},"301":{"start":{"line":302,"column":0},"end":{"line":302,"column":56}},"302":{"start":{"line":303,"column":0},"end":{"line":303,"column":9}},"303":{"start":{"line":304,"column":0},"end":{"line":304,"column":21}},"304":{"start":{"line":305,"column":0},"end":{"line":305,"column":80}},"305":{"start":{"line":306,"column":0},"end":{"line":306,"column":20}},"306":{"start":{"line":307,"column":0},"end":{"line":307,"column":56}},"307":{"start":{"line":308,"column":0},"end":{"line":308,"column":9}},"308":{"start":{"line":309,"column":0},"end":{"line":309,"column":5}},"309":{"start":{"line":310,"column":0},"end":{"line":310,"column":3}},"311":{"start":{"line":312,"column":0},"end":{"line":312,"column":36}},"312":{"start":{"line":313,"column":0},"end":{"line":313,"column":2}},"315":{"start":{"line":316,"column":0},"end":{"line":316,"column":14}},"316":{"start":{"line":317,"column":0},"end":{"line":317,"column":64}},"318":{"start":{"line":319,"column":0},"end":{"line":319,"column":23}},"319":{"start":{"line":320,"column":0},"end":{"line":320,"column":32}},"320":{"start":{"line":321,"column":0},"end":{"line":321,"column":36}},"321":{"start":{"line":322,"column":0},"end":{"line":322,"column":23}},"322":{"start":{"line":323,"column":0},"end":{"line":323,"column":57}},"323":{"start":{"line":324,"column":0},"end":{"line":324,"column":7}},"324":{"start":{"line":325,"column":0},"end":{"line":325,"column":23}},"325":{"start":{"line":326,"column":0},"end":{"line":326,"column":6}},"327":{"start":{"line":328,"column":0},"end":{"line":328,"column":36}},"329":{"start":{"line":330,"column":0},"end":{"line":330,"column":24}},"330":{"start":{"line":331,"column":0},"end":{"line":331,"column":30}},"331":{"start":{"line":332,"column":0},"end":{"line":332,"column":47}},"332":{"start":{"line":333,"column":0},"end":{"line":333,"column":7}},"335":{"start":{"line":336,"column":0},"end":{"line":336,"column":28}},"336":{"start":{"line":337,"column":0},"end":{"line":337,"column":26}},"337":{"start":{"line":338,"column":0},"end":{"line":338,"column":35}},"338":{"start":{"line":339,"column":0},"end":{"line":339,"column":8}},"341":{"start":{"line":342,"column":0},"end":{"line":342,"column":49}},"344":{"start":{"line":345,"column":0},"end":{"line":345,"column":15}},"345":{"start":{"line":346,"column":0},"end":{"line":346,"column":6}},"347":{"start":{"line":348,"column":0},"end":{"line":348,"column":16}},"348":{"start":{"line":349,"column":0},"end":{"line":349,"column":5}},"350":{"start":{"line":351,"column":0},"end":{"line":351,"column":50}},"351":{"start":{"line":352,"column":0},"end":{"line":352,"column":93}},"352":{"start":{"line":353,"column":0},"end":{"line":353,"column":5}}},"s":{"10":0,"23":0,"24":0,"25":0,"26":0,"27":0,"30":0,"31":0,"33":0,"36":0,"37":0,"38":0,"39":0,"40":0,"41":0,"42":0,"43":0,"44":0,"45":0,"48":0,"49":0,"50":0,"51":0,"52":0,"53":0,"54":0,"57":0,"58":0,"59":0,"60":0,"62":0,"63":0,"64":0,"65":0,"66":0,"67":0,"68":0,"69":0,"72":0,"73":0,"74":0,"75":0,"76":0,"77":0,"78":0,"79":0,"80":0,"81":0,"82":0,"83":0,"84":0,"85":0,"86":0,"87":0,"88":0,"89":0,"91":0,"92":0,"98":0,"99":0,"101":0,"102":0,"103":0,"104":0,"106":0,"107":0,"108":0,"109":0,"110":0,"111":0,"117":0,"118":0,"120":0,"121":0,"122":0,"123":0,"124":0,"125":0,"126":0,"127":0,"128":0,"130":0,"131":0,"132":0,"133":0,"134":0,"135":0,"136":0,"138":0,"139":0,"141":0,"142":0,"143":0,"144":0,"145":0,"146":0,"148":0,"150":0,"151":0,"153":0,"154":0,"155":0,"156":0,"157":0,"158":0,"159":0,"160":0,"161":0,"163":0,"164":0,"165":0,"168":0,"169":0,"170":0,"171":0,"172":0,"173":0,"174":0,"175":0,"176":0,"177":0,"178":0,"179":0,"180":0,"181":0,"182":0,"183":0,"184":0,"185":0,"186":0,"187":0,"188":0,"189":0,"190":0,"191":0,"194":0,"195":0,"196":0,"197":0,"198":0,"199":0,"200":0,"201":0,"202":0,"204":0,"205":0,"206":0,"207":0,"208":0,"209":0,"210":0,"211":0,"212":0,"213":0,"216":0,"217":0,"218":0,"219":0,"220":0,"221":0,"222":0,"223":0,"224":0,"225":0,"226":0,"227":0,"228":0,"229":0,"230":0,"231":0,"232":0,"233":0,"234":0,"235":0,"236":0,"237":0,"238":0,"239":0,"240":0,"241":0,"242":0,"243":0,"246":0,"247":0,"248":0,"249":0,"251":0,"252":0,"253":0,"254":0,"255":0,"256":0,"257":0,"258":0,"259":0,"260":0,"261":0,"262":0,"263":0,"264":0,"265":0,"266":0,"267":0,"268":0,"269":0,"270":0,"271":0,"272":0,"273":0,"279":0,"280":0,"281":0,"282":0,"283":0,"284":0,"291":0,"292":0,"293":0,"294":0,"296":0,"297":0,"298":0,"299":0,"300":0,"301":0,"302":0,"303":0,"304":0,"305":0,"306":0,"307":0,"308":0,"309":0,"311":0,"312":0,"315":0,"316":0,"318":0,"319":0,"320":0,"321":0,"322":0,"323":0,"324":0,"325":0,"327":0,"329":0,"330":0,"331":0,"332":0,"335":0,"336":0,"337":0,"338":0,"341":0,"344":0,"345":0,"347":0,"348":0,"350":0,"351":0,"352":0},"branchMap":{"0":{"type":"branch","line":1,"loc":{"start":{"line":1,"column":10199},"end":{"line":353,"column":5}},"locations":[{"start":{"line":1,"column":10199},"end":{"line":353,"column":5}}]}},"b":{"0":[1]},"fnMap":{"0":{"name":"(empty-report)","decl":{"start":{"line":1,"column":10199},"end":{"line":353,"column":5}},"loc":{"start":{"line":1,"column":10199},"end":{"line":353,"column":5}},"line":1}},"f":{"0":1}}
,"/home/ge/Projects/switchback/main/src/index.ts": {"path":"/home/ge/Projects/switchback/main/src/index.ts","all":false,"statementMap":{"45":{"start":{"line":46,"column":0},"end":{"line":46,"column":44}},"46":{"start":{"line":47,"column":0},"end":{"line":47,"column":37}},"47":{"start":{"line":48,"column":0},"end":{"line":48,"column":28}},"48":{"start":{"line":49,"column":0},"end":{"line":49,"column":68}},"51":{"start":{"line":52,"column":0},"end":{"line":52,"column":69}},"52":{"start":{"line":53,"column":0},"end":{"line":53,"column":19}},"53":{"start":{"line":54,"column":0},"end":{"line":54,"column":44}},"55":{"start":{"line":56,"column":0},"end":{"line":56,"column":21}},"56":{"start":{"line":57,"column":0},"end":{"line":57,"column":71}},"57":{"start":{"line":58,"column":0},"end":{"line":58,"column":3}},"59":{"start":{"line":60,"column":0},"end":{"line":60,"column":22}},"60":{"start":{"line":61,"column":0},"end":{"line":61,"column":25}},"61":{"start":{"line":62,"column":0},"end":{"line":62,"column":1}},"64":{"start":{"line":65,"column":0},"end":{"line":65,"column":79}},"65":{"start":{"line":66,"column":0},"end":{"line":66,"column":97}},"67":{"start":{"line":68,"column":0},"end":{"line":68,"column":41}},"68":{"start":{"line":69,"column":0},"end":{"line":69,"column":19}},"69":{"start":{"line":70,"column":0},"end":{"line":70,"column":27}},"70":{"start":{"line":71,"column":0},"end":{"line":71,"column":33}},"71":{"start":{"line":72,"column":0},"end":{"line":72,"column":85}},"72":{"start":{"line":73,"column":0},"end":{"line":73,"column":23}},"73":{"start":{"line":74,"column":0},"end":{"line":74,"column":4}},"75":{"start":{"line":76,"column":0},"end":{"line":76,"column":22}},"77":{"start":{"line":78,"column":0},"end":{"line":78,"column":65}},"78":{"start":{"line":79,"column":0},"end":{"line":79,"column":47}},"79":{"start":{"line":80,"column":0},"end":{"line":80,"column":3}},"81":{"start":{"line":82,"column":0},"end":{"line":82,"column":55}},"82":{"start":{"line":83,"column":0},"end":{"line":83,"column":1}},"84":{"start":{"line":85,"column":0},"end":{"line":85,"column":30}},"85":{"start":{"line":86,"column":0},"end":{"line":86,"column":14}},"86":{"start":{"line":87,"column":0},"end":{"line":87,"column":17}},"87":{"start":{"line":88,"column":0},"end":{"line":88,"column":34}},"88":{"start":{"line":89,"column":0},"end":{"line":89,"column":23}},"89":{"start":{"line":90,"column":0},"end":{"line":90,"column":18}},"90":{"start":{"line":91,"column":0},"end":{"line":91,"column":7}},"91":{"start":{"line":92,"column":0},"end":{"line":92,"column":42}},"92":{"start":{"line":93,"column":0},"end":{"line":93,"column":49}},"93":{"start":{"line":94,"column":0},"end":{"line":94,"column":79}},"94":{"start":{"line":95,"column":0},"end":{"line":95,"column":12}},"96":{"start":{"line":97,"column":0},"end":{"line":97,"column":44}},"97":{"start":{"line":98,"column":0},"end":{"line":98,"column":35}},"98":{"start":{"line":99,"column":0},"end":{"line":99,"column":14}},"99":{"start":{"line":100,"column":0},"end":{"line":100,"column":41}},"100":{"start":{"line":101,"column":0},"end":{"line":101,"column":42}},"101":{"start":{"line":102,"column":0},"end":{"line":102,"column":24}},"102":{"start":{"line":103,"column":0},"end":{"line":103,"column":40}},"103":{"start":{"line":104,"column":0},"end":{"line":104,"column":20}},"104":{"start":{"line":105,"column":0},"end":{"line":105,"column":7}},"106":{"start":{"line":107,"column":0},"end":{"line":107,"column":23}},"107":{"start":{"line":108,"column":0},"end":{"line":108,"column":88}},"108":{"start":{"line":109,"column":0},"end":{"line":109,"column":32}},"109":{"start":{"line":110,"column":0},"end":{"line":110,"column":27}},"110":{"start":{"line":111,"column":0},"end":{"line":111,"column":13}},"111":{"start":{"line":112,"column":0},"end":{"line":112,"column":5}},"113":{"start":{"line":114,"column":0},"end":{"line":114,"column":45}},"114":{"start":{"line":115,"column":0},"end":{"line":115,"column":34}},"115":{"start":{"line":116,"column":0},"end":{"line":116,"column":30}},"116":{"start":{"line":117,"column":0},"end":{"line":117,"column":19}},"117":{"start":{"line":118,"column":0},"end":{"line":118,"column":29}},"118":{"start":{"line":119,"column":0},"end":{"line":119,"column":13}},"119":{"start":{"line":120,"column":0},"end":{"line":120,"column":25}},"120":{"start":{"line":121,"column":0},"end":{"line":121,"column":3}},"121":{"start":{"line":122,"column":0},"end":{"line":122,"column":1}},"123":{"start":{"line":124,"column":0},"end":{"line":124,"column":22}},"124":{"start":{"line":125,"column":0},"end":{"line":125,"column":14}},"125":{"start":{"line":126,"column":0},"end":{"line":126,"column":34}},"126":{"start":{"line":127,"column":0},"end":{"line":127,"column":23}},"127":{"start":{"line":128,"column":0},"end":{"line":128,"column":18}},"128":{"start":{"line":129,"column":0},"end":{"line":129,"column":43}},"129":{"start":{"line":130,"column":0},"end":{"line":130,"column":37}},"130":{"start":{"line":131,"column":0},"end":{"line":131,"column":25}},"132":{"start":{"line":133,"column":0},"end":{"line":133,"column":57}},"133":{"start":{"line":134,"column":0},"end":{"line":134,"column":39}},"134":{"start":{"line":135,"column":0},"end":{"line":135,"column":5}},"136":{"start":{"line":137,"column":0},"end":{"line":137,"column":52}},"138":{"start":{"line":139,"column":0},"end":{"line":139,"column":30}},"139":{"start":{"line":140,"column":0},"end":{"line":140,"column":50}},"140":{"start":{"line":141,"column":0},"end":{"line":141,"column":13}},"141":{"start":{"line":142,"column":0},"end":{"line":142,"column":58}},"142":{"start":{"line":143,"column":0},"end":{"line":143,"column":40}},"143":{"start":{"line":144,"column":0},"end":{"line":144,"column":36}},"144":{"start":{"line":145,"column":0},"end":{"line":145,"column":20}},"145":{"start":{"line":146,"column":0},"end":{"line":146,"column":25}},"146":{"start":{"line":147,"column":0},"end":{"line":147,"column":35}},"147":{"start":{"line":148,"column":0},"end":{"line":148,"column":24}},"148":{"start":{"line":149,"column":0},"end":{"line":149,"column":9}},"149":{"start":{"line":150,"column":0},"end":{"line":150,"column":14}},"150":{"start":{"line":151,"column":0},"end":{"line":151,"column":87}},"151":{"start":{"line":152,"column":0},"end":{"line":152,"column":34}},"152":{"start":{"line":153,"column":0},"end":{"line":153,"column":23}},"153":{"start":{"line":154,"column":0},"end":{"line":154,"column":7}},"154":{"start":{"line":155,"column":0},"end":{"line":155,"column":27}},"155":{"start":{"line":156,"column":0},"end":{"line":156,"column":6}},"157":{"start":{"line":158,"column":0},"end":{"line":158,"column":25}},"158":{"start":{"line":159,"column":0},"end":{"line":159,"column":52}},"159":{"start":{"line":160,"column":0},"end":{"line":160,"column":27}},"160":{"start":{"line":161,"column":0},"end":{"line":161,"column":41}},"161":{"start":{"line":162,"column":0},"end":{"line":162,"column":6}},"163":{"start":{"line":164,"column":0},"end":{"line":164,"column":15}},"164":{"start":{"line":165,"column":0},"end":{"line":165,"column":5}},"165":{"start":{"line":166,"column":0},"end":{"line":166,"column":1}},"167":{"start":{"line":168,"column":0},"end":{"line":168,"column":75}},"168":{"start":{"line":169,"column":0},"end":{"line":169,"column":30}},"169":{"start":{"line":170,"column":0},"end":{"line":170,"column":23}},"171":{"start":{"line":172,"column":0},"end":{"line":172,"column":25}},"174":{"start":{"line":175,"column":0},"end":{"line":175,"column":48}},"175":{"start":{"line":176,"column":0},"end":{"line":176,"column":42}},"176":{"start":{"line":177,"column":0},"end":{"line":177,"column":24}},"177":{"start":{"line":178,"column":0},"end":{"line":178,"column":24}},"178":{"start":{"line":179,"column":0},"end":{"line":179,"column":6}},"179":{"start":{"line":180,"column":0},"end":{"line":180,"column":3}},"182":{"start":{"line":183,"column":0},"end":{"line":183,"column":49}},"183":{"start":{"line":184,"column":0},"end":{"line":184,"column":66}},"184":{"start":{"line":185,"column":0},"end":{"line":185,"column":11}},"186":{"start":{"line":187,"column":0},"end":{"line":187,"column":28}},"189":{"start":{"line":190,"column":0},"end":{"line":190,"column":71}},"190":{"start":{"line":191,"column":0},"end":{"line":191,"column":67}},"193":{"start":{"line":194,"column":0},"end":{"line":194,"column":81}},"194":{"start":{"line":195,"column":0},"end":{"line":195,"column":61}},"196":{"start":{"line":197,"column":0},"end":{"line":197,"column":11}},"197":{"start":{"line":198,"column":0},"end":{"line":198,"column":67}},"198":{"start":{"line":199,"column":0},"end":{"line":199,"column":3}},"201":{"start":{"line":202,"column":0},"end":{"line":202,"column":32}},"202":{"start":{"line":203,"column":0},"end":{"line":203,"column":59}},"203":{"start":{"line":204,"column":0},"end":{"line":204,"column":24}},"204":{"start":{"line":205,"column":0},"end":{"line":205,"column":56}},"205":{"start":{"line":206,"column":0},"end":{"line":206,"column":12}},"206":{"start":{"line":207,"column":0},"end":{"line":207,"column":28}},"207":{"start":{"line":208,"column":0},"end":{"line":208,"column":5}},"208":{"start":{"line":209,"column":0},"end":{"line":209,"column":3}},"210":{"start":{"line":211,"column":0},"end":{"line":211,"column":26}},"211":{"start":{"line":212,"column":0},"end":{"line":212,"column":1}},"213":{"start":{"line":214,"column":0},"end":{"line":214,"column":36}},"215":{"start":{"line":216,"column":0},"end":{"line":216,"column":45}},"216":{"start":{"line":217,"column":0},"end":{"line":217,"column":43}},"217":{"start":{"line":218,"column":0},"end":{"line":218,"column":65}},"219":{"start":{"line":220,"column":0},"end":{"line":220,"column":48}},"221":{"start":{"line":222,"column":0},"end":{"line":222,"column":23}},"222":{"start":{"line":223,"column":0},"end":{"line":223,"column":22}},"223":{"start":{"line":224,"column":0},"end":{"line":224,"column":49}},"224":{"start":{"line":225,"column":0},"end":{"line":225,"column":64}},"225":{"start":{"line":226,"column":0},"end":{"line":226,"column":7}},"226":{"start":{"line":227,"column":0},"end":{"line":227,"column":5}},"229":{"start":{"line":230,"column":0},"end":{"line":230,"column":46}},"230":{"start":{"line":231,"column":0},"end":{"line":231,"column":45}},"232":{"start":{"line":233,"column":0},"end":{"line":233,"column":43}},"234":{"start":{"line":235,"column":0},"end":{"line":235,"column":23}},"235":{"start":{"line":236,"column":0},"end":{"line":236,"column":40}},"236":{"start":{"line":237,"column":0},"end":{"line":237,"column":99}},"238":{"start":{"line":239,"column":0},"end":{"line":239,"column":48}},"239":{"start":{"line":240,"column":0},"end":{"line":240,"column":13}},"240":{"start":{"line":241,"column":0},"end":{"line":241,"column":21}},"241":{"start":{"line":242,"column":0},"end":{"line":242,"column":49}},"242":{"start":{"line":243,"column":0},"end":{"line":243,"column":64}},"243":{"start":{"line":244,"column":0},"end":{"line":244,"column":7}},"244":{"start":{"line":245,"column":0},"end":{"line":245,"column":5}},"245":{"start":{"line":246,"column":0},"end":{"line":246,"column":1}},"247":{"start":{"line":248,"column":0},"end":{"line":248,"column":39}},"248":{"start":{"line":249,"column":0},"end":{"line":249,"column":46}},"249":{"start":{"line":250,"column":0},"end":{"line":250,"column":24}},"250":{"start":{"line":251,"column":0},"end":{"line":251,"column":55}},"251":{"start":{"line":252,"column":0},"end":{"line":252,"column":5}},"252":{"start":{"line":253,"column":0},"end":{"line":253,"column":5}},"253":{"start":{"line":254,"column":0},"end":{"line":254,"column":1}},"255":{"start":{"line":256,"column":0},"end":{"line":256,"column":60}},"256":{"start":{"line":257,"column":0},"end":{"line":257,"column":10}},"257":{"start":{"line":258,"column":0},"end":{"line":258,"column":18}},"258":{"start":{"line":259,"column":0},"end":{"line":259,"column":19}},"259":{"start":{"line":260,"column":0},"end":{"line":260,"column":37}},"260":{"start":{"line":261,"column":0},"end":{"line":261,"column":44}},"261":{"start":{"line":262,"column":0},"end":{"line":262,"column":49}},"262":{"start":{"line":263,"column":0},"end":{"line":263,"column":38}},"264":{"start":{"line":265,"column":0},"end":{"line":265,"column":1}},"266":{"start":{"line":267,"column":0},"end":{"line":267,"column":62}},"267":{"start":{"line":268,"column":0},"end":{"line":268,"column":47}},"268":{"start":{"line":269,"column":0},"end":{"line":269,"column":1}},"270":{"start":{"line":271,"column":0},"end":{"line":271,"column":42}},"271":{"start":{"line":272,"column":0},"end":{"line":272,"column":7}},"272":{"start":{"line":273,"column":0},"end":{"line":273,"column":28}},"273":{"start":{"line":274,"column":0},"end":{"line":274,"column":11}},"274":{"start":{"line":275,"column":0},"end":{"line":275,"column":16}},"275":{"start":{"line":276,"column":0},"end":{"line":276,"column":3}},"276":{"start":{"line":277,"column":0},"end":{"line":277,"column":1}},"279":{"start":{"line":280,"column":0},"end":{"line":280,"column":37}},"280":{"start":{"line":281,"column":0},"end":{"line":281,"column":85}},"281":{"start":{"line":282,"column":0},"end":{"line":282,"column":1}},"284":{"start":{"line":285,"column":0},"end":{"line":285,"column":79}},"285":{"start":{"line":286,"column":0},"end":{"line":286,"column":66}},"286":{"start":{"line":287,"column":0},"end":{"line":287,"column":64}},"287":{"start":{"line":288,"column":0},"end":{"line":288,"column":1}}},"s":{"45":1,"46":1,"47":1,"48":1,"51":1,"52":43,"53":43,"55":43,"56":9,"57":9,"59":43,"60":43,"61":43,"64":1,"65":208,"67":208,"68":208,"69":208,"70":208,"71":208,"72":208,"73":208,"75":208,"77":208,"78":0,"79":0,"81":208,"82":208,"84":208,"85":208,"86":208,"87":208,"88":208,"89":208,"90":208,"91":208,"92":208,"93":1,"94":207,"96":208,"97":208,"98":208,"99":208,"100":118,"101":117,"102":1,"103":90,"104":208,"106":208,"107":1,"108":1,"109":1,"110":1,"111":1,"113":205,"114":205,"115":208,"116":208,"117":2,"118":208,"119":208,"120":208,"121":208,"123":0,"124":0,"125":0,"126":0,"127":0,"128":0,"129":0,"130":0,"132":0,"133":0,"134":0,"136":0,"138":0,"139":0,"140":0,"141":0,"142":0,"143":0,"144":0,"145":0,"146":0,"147":0,"148":0,"149":0,"150":0,"151":0,"152":0,"153":0,"154":0,"155":0,"157":0,"158":0,"159":0,"160":0,"161":0,"163":0,"164":0,"165":0,"167":248,"168":248,"169":28,"171":28,"174":248,"175":4,"176":4,"177":4,"178":4,"179":4,"182":248,"183":2,"184":26,"186":248,"189":248,"190":248,"193":248,"194":28,"196":28,"197":28,"198":28,"201":248,"202":26,"203":26,"204":8,"205":26,"206":18,"207":18,"208":26,"210":28,"211":28,"213":43,"215":43,"216":201,"217":201,"219":201,"221":67,"222":67,"223":67,"224":67,"225":67,"226":43,"229":43,"230":154,"232":154,"234":116,"235":116,"236":154,"238":154,"239":154,"240":154,"241":154,"242":154,"243":154,"244":43,"245":43,"247":43,"248":43,"249":43,"250":43,"251":43,"252":43,"253":43,"255":201,"256":201,"257":201,"258":201,"259":169,"260":136,"261":102,"262":67,"264":201,"266":154,"267":154,"268":154,"270":0,"271":0,"272":0,"273":0,"274":0,"275":0,"276":0,"279":1,"280":9,"281":9,"284":1,"285":3,"286":3,"287":3},"branchMap":{"0":{"type":"branch","line":52,"loc":{"start":{"line":52,"column":7},"end":{"line":62,"column":1}},"locations":[{"start":{"line":52,"column":7},"end":{"line":62,"column":1}}]},"1":{"type":"branch","line":54,"loc":{"start":{"line":54,"column":24},"end":{"line":54,"column":44}},"locations":[{"start":{"line":54,"column":24},"end":{"line":54,"column":44}}]},"2":{"type":"branch","line":56,"loc":{"start":{"line":56,"column":20},"end":{"line":58,"column":3}},"locations":[{"start":{"line":56,"column":20},"end":{"line":58,"column":3}}]},"3":{"type":"branch","line":65,"loc":{"start":{"line":65,"column":7},"end":{"line":83,"column":1}},"locations":[{"start":{"line":65,"column":7},"end":{"line":83,"column":1}}]},"4":{"type":"branch","line":66,"loc":{"start":{"line":66,"column":16},"end":{"line":66,"column":97}},"locations":[{"start":{"line":66,"column":16},"end":{"line":66,"column":97}}]},"5":{"type":"branch","line":68,"loc":{"start":{"line":68,"column":25},"end":{"line":68,"column":41}},"locations":[{"start":{"line":68,"column":25},"end":{"line":68,"column":41}}]},"6":{"type":"branch","line":72,"loc":{"start":{"line":72,"column":16},"end":{"line":72,"column":81}},"locations":[{"start":{"line":72,"column":16},"end":{"line":72,"column":81}}]},"7":{"type":"branch","line":72,"loc":{"start":{"line":72,"column":77},"end":{"line":72,"column":85}},"locations":[{"start":{"line":72,"column":77},"end":{"line":72,"column":85}}]},"8":{"type":"branch","line":76,"loc":{"start":{"line":76,"column":10},"end":{"line":76,"column":22}},"locations":[{"start":{"line":76,"column":10},"end":{"line":76,"column":22}}]},"9":{"type":"branch","line":78,"loc":{"start":{"line":78,"column":14},"end":{"line":78,"column":44}},"locations":[{"start":{"line":78,"column":14},"end":{"line":78,"column":44}}]},"10":{"type":"branch","line":78,"loc":{"start":{"line":78,"column":35},"end":{"line":78,"column":64}},"locations":[{"start":{"line":78,"column":35},"end":{"line":78,"column":64}}]},"11":{"type":"branch","line":78,"loc":{"start":{"line":78,"column":64},"end":{"line":80,"column":3}},"locations":[{"start":{"line":78,"column":64},"end":{"line":80,"column":3}}]},"12":{"type":"branch","line":85,"loc":{"start":{"line":85,"column":0},"end":{"line":122,"column":1}},"locations":[{"start":{"line":85,"column":0},"end":{"line":122,"column":1}}]},"13":{"type":"branch","line":93,"loc":{"start":{"line":93,"column":21},"end":{"line":93,"column":49}},"locations":[{"start":{"line":93,"column":21},"end":{"line":93,"column":49}}]},"14":{"type":"branch","line":93,"loc":{"start":{"line":93,"column":45},"end":{"line":94,"column":79}},"locations":[{"start":{"line":93,"column":45},"end":{"line":94,"column":79}}]},"15":{"type":"branch","line":94,"loc":{"start":{"line":94,"column":77},"end":{"line":95,"column":12}},"locations":[{"start":{"line":94,"column":77},"end":{"line":95,"column":12}}]},"16":{"type":"branch","line":100,"loc":{"start":{"line":100,"column":13},"end":{"line":100,"column":41}},"locations":[{"start":{"line":100,"column":13},"end":{"line":100,"column":41}}]},"17":{"type":"branch","line":100,"loc":{"start":{"line":100,"column":37},"end":{"line":103,"column":40}},"locations":[{"start":{"line":100,"column":37},"end":{"line":103,"column":40}}]},"18":{"type":"branch","line":101,"loc":{"start":{"line":101,"column":34},"end":{"line":102,"column":24}},"locations":[{"start":{"line":101,"column":34},"end":{"line":102,"column":24}}]},"19":{"type":"branch","line":102,"loc":{"start":{"line":102,"column":20},"end":{"line":103,"column":40}},"locations":[{"start":{"line":102,"column":20},"end":{"line":103,"column":40}}]},"20":{"type":"branch","line":103,"loc":{"start":{"line":103,"column":39},"end":{"line":104,"column":20}},"locations":[{"start":{"line":103,"column":39},"end":{"line":104,"column":20}}]},"21":{"type":"branch","line":105,"loc":{"start":{"line":105,"column":5},"end":{"line":107,"column":22}},"locations":[{"start":{"line":105,"column":5},"end":{"line":107,"column":22}}]},"22":{"type":"branch","line":107,"loc":{"start":{"line":107,"column":22},"end":{"line":112,"column":5}},"locations":[{"start":{"line":107,"column":22},"end":{"line":112,"column":5}}]},"23":{"type":"branch","line":110,"loc":{"start":{"line":110,"column":14},"end":{"line":110,"column":27}},"locations":[{"start":{"line":110,"column":14},"end":{"line":110,"column":27}}]},"24":{"type":"branch","line":112,"loc":{"start":{"line":112,"column":4},"end":{"line":116,"column":24}},"locations":[{"start":{"line":112,"column":4},"end":{"line":116,"column":24}}]},"25":{"type":"branch","line":116,"loc":{"start":{"line":116,"column":12},"end":{"line":116,"column":30}},"locations":[{"start":{"line":116,"column":12},"end":{"line":116,"column":30}}]},"26":{"type":"branch","line":117,"loc":{"start":{"line":117,"column":2},"end":{"line":119,"column":4}},"locations":[{"start":{"line":117,"column":2},"end":{"line":119,"column":4}}]},"27":{"type":"branch","line":118,"loc":{"start":{"line":118,"column":12},"end":{"line":118,"column":29}},"locations":[{"start":{"line":118,"column":12},"end":{"line":118,"column":29}}]},"28":{"type":"branch","line":119,"loc":{"start":{"line":119,"column":2},"end":{"line":119,"column":4}},"locations":[{"start":{"line":119,"column":2},"end":{"line":119,"column":4}}]},"29":{"type":"branch","line":120,"loc":{"start":{"line":120,"column":12},"end":{"line":120,"column":25}},"locations":[{"start":{"line":120,"column":12},"end":{"line":120,"column":25}}]},"30":{"type":"branch","line":168,"loc":{"start":{"line":168,"column":0},"end":{"line":212,"column":1}},"locations":[{"start":{"line":168,"column":0},"end":{"line":212,"column":1}}]},"31":{"type":"branch","line":169,"loc":{"start":{"line":169,"column":23},"end":{"line":169,"column":30}},"locations":[{"start":{"line":169,"column":23},"end":{"line":169,"column":30}}]},"32":{"type":"branch","line":169,"loc":{"start":{"line":169,"column":23},"end":{"line":170,"column":23}},"locations":[{"start":{"line":169,"column":23},"end":{"line":170,"column":23}}]},"33":{"type":"branch","line":170,"loc":{"start":{"line":170,"column":16},"end":{"line":170,"column":23}},"locations":[{"start":{"line":170,"column":16},"end":{"line":170,"column":23}}]},"34":{"type":"branch","line":170,"loc":{"start":{"line":170,"column":16},"end":{"line":175,"column":22}},"locations":[{"start":{"line":170,"column":16},"end":{"line":175,"column":22}}]},"35":{"type":"branch","line":175,"loc":{"start":{"line":175,"column":6},"end":{"line":175,"column":47}},"locations":[{"start":{"line":175,"column":6},"end":{"line":175,"column":47}}]},"36":{"type":"branch","line":175,"loc":{"start":{"line":175,"column":47},"end":{"line":180,"column":3}},"locations":[{"start":{"line":175,"column":47},"end":{"line":180,"column":3}}]},"37":{"type":"branch","line":180,"loc":{"start":{"line":180,"column":2},"end":{"line":183,"column":37}},"locations":[{"start":{"line":180,"column":2},"end":{"line":183,"column":37}}]},"38":{"type":"branch","line":183,"loc":{"start":{"line":183,"column":29},"end":{"line":183,"column":49}},"locations":[{"start":{"line":183,"column":29},"end":{"line":183,"column":49}}]},"39":{"type":"branch","line":183,"loc":{"start":{"line":183,"column":37},"end":{"line":184,"column":66}},"locations":[{"start":{"line":183,"column":37},"end":{"line":184,"column":66}}]},"40":{"type":"branch","line":184,"loc":{"start":{"line":184,"column":65},"end":{"line":185,"column":11}},"locations":[{"start":{"line":184,"column":65},"end":{"line":185,"column":11}}]},"41":{"type":"branch","line":190,"loc":{"start":{"line":190,"column":32},"end":{"line":190,"column":59}},"locations":[{"start":{"line":190,"column":32},"end":{"line":190,"column":59}}]},"42":{"type":"branch","line":190,"loc":{"start":{"line":190,"column":42},"end":{"line":190,"column":71}},"locations":[{"start":{"line":190,"column":42},"end":{"line":190,"column":71}}]},"43":{"type":"branch","line":194,"loc":{"start":{"line":194,"column":79},"end":{"line":202,"column":31}},"locations":[{"start":{"line":194,"column":79},"end":{"line":202,"column":31}}]},"44":{"type":"branch","line":202,"loc":{"start":{"line":202,"column":31},"end":{"line":209,"column":3}},"locations":[{"start":{"line":202,"column":31},"end":{"line":209,"column":3}}]},"45":{"type":"branch","line":204,"loc":{"start":{"line":204,"column":23},"end":{"line":206,"column":11}},"locations":[{"start":{"line":204,"column":23},"end":{"line":206,"column":11}}]},"46":{"type":"branch","line":206,"loc":{"start":{"line":206,"column":4},"end":{"line":208,"column":5}},"locations":[{"start":{"line":206,"column":4},"end":{"line":208,"column":5}}]},"47":{"type":"branch","line":209,"loc":{"start":{"line":209,"column":2},"end":{"line":212,"column":1}},"locations":[{"start":{"line":209,"column":2},"end":{"line":212,"column":1}}]},"48":{"type":"branch","line":214,"loc":{"start":{"line":214,"column":0},"end":{"line":246,"column":1}},"locations":[{"start":{"line":214,"column":0},"end":{"line":246,"column":1}}]},"49":{"type":"branch","line":216,"loc":{"start":{"line":216,"column":37},"end":{"line":227,"column":3}},"locations":[{"start":{"line":216,"column":37},"end":{"line":227,"column":3}}]},"50":{"type":"branch","line":220,"loc":{"start":{"line":220,"column":41},"end":{"line":220,"column":48}},"locations":[{"start":{"line":220,"column":41},"end":{"line":220,"column":48}}]},"51":{"type":"branch","line":220,"loc":{"start":{"line":220,"column":41},"end":{"line":226,"column":7}},"locations":[{"start":{"line":220,"column":41},"end":{"line":226,"column":7}}]},"52":{"type":"branch","line":230,"loc":{"start":{"line":230,"column":38},"end":{"line":245,"column":3}},"locations":[{"start":{"line":230,"column":38},"end":{"line":245,"column":3}}]},"53":{"type":"branch","line":233,"loc":{"start":{"line":233,"column":36},"end":{"line":233,"column":43}},"locations":[{"start":{"line":233,"column":36},"end":{"line":233,"column":43}}]},"54":{"type":"branch","line":233,"loc":{"start":{"line":233,"column":36},"end":{"line":237,"column":51}},"locations":[{"start":{"line":233,"column":36},"end":{"line":237,"column":51}}]},"55":{"type":"branch","line":237,"loc":{"start":{"line":237,"column":46},"end":{"line":237,"column":59}},"locations":[{"start":{"line":237,"column":46},"end":{"line":237,"column":59}}]},"56":{"type":"branch","line":239,"loc":{"start":{"line":239,"column":15},"end":{"line":239,"column":47}},"locations":[{"start":{"line":239,"column":15},"end":{"line":239,"column":47}}]},"57":{"type":"branch","line":248,"loc":{"start":{"line":248,"column":0},"end":{"line":254,"column":1}},"locations":[{"start":{"line":248,"column":0},"end":{"line":254,"column":1}}]},"58":{"type":"branch","line":249,"loc":{"start":{"line":249,"column":38},"end":{"line":253,"column":3}},"locations":[{"start":{"line":249,"column":38},"end":{"line":253,"column":3}}]},"59":{"type":"branch","line":256,"loc":{"start":{"line":256,"column":0},"end":{"line":265,"column":1}},"locations":[{"start":{"line":256,"column":0},"end":{"line":265,"column":1}}]},"60":{"type":"branch","line":259,"loc":{"start":{"line":259,"column":10},"end":{"line":260,"column":37}},"locations":[{"start":{"line":259,"column":10},"end":{"line":260,"column":37}}]},"61":{"type":"branch","line":260,"loc":{"start":{"line":260,"column":33},"end":{"line":261,"column":44}},"locations":[{"start":{"line":260,"column":33},"end":{"line":261,"column":44}}]},"62":{"type":"branch","line":261,"loc":{"start":{"line":261,"column":40},"end":{"line":262,"column":49}},"locations":[{"start":{"line":261,"column":40},"end":{"line":262,"column":49}}]},"63":{"type":"branch","line":262,"loc":{"start":{"line":262,"column":38},"end":{"line":263,"column":38}},"locations":[{"start":{"line":262,"column":38},"end":{"line":263,"column":38}}]},"64":{"type":"branch","line":267,"loc":{"start":{"line":267,"column":0},"end":{"line":269,"column":1}},"locations":[{"start":{"line":267,"column":0},"end":{"line":269,"column":1}}]},"65":{"type":"branch","line":280,"loc":{"start":{"line":280,"column":7},"end":{"line":282,"column":1}},"locations":[{"start":{"line":280,"column":7},"end":{"line":282,"column":1}}]},"66":{"type":"branch","line":281,"loc":{"start":{"line":281,"column":9},"end":{"line":281,"column":80}},"locations":[{"start":{"line":281,"column":9},"end":{"line":281,"column":80}}]},"67":{"type":"branch","line":281,"loc":{"start":{"line":281,"column":76},"end":{"line":281,"column":85}},"locations":[{"start":{"line":281,"column":76},"end":{"line":281,"column":85}}]},"68":{"type":"branch","line":285,"loc":{"start":{"line":285,"column":7},"end":{"line":288,"column":1}},"locations":[{"start":{"line":285,"column":7},"end":{"line":288,"column":1}}]},"69":{"type":"branch","line":286,"loc":{"start":{"line":286,"column":21},"end":{"line":286,"column":66}},"locations":[{"start":{"line":286,"column":21},"end":{"line":286,"column":66}}]}},"b":{"0":[43],"1":[34],"2":[9],"3":[208],"4":[0],"5":[89],"6":[3],"7":[205],"8":[1],"9":[0],"10":[0],"11":[0],"12":[208],"13":[89],"14":[1],"15":[207],"16":[119],"17":[118],"18":[117],"19":[1],"20":[90],"21":[206],"22":[1],"23":[0],"24":[205],"25":[1],"26":[2],"27":[1],"28":[207],"29":[2],"30":[248],"31":[220],"32":[28],"33":[0],"34":[28],"35":[4],"36":[4],"37":[28],"38":[3],"39":[2],"40":[26],"41":[5],"42":[23],"43":[28],"44":[26],"45":[8],"46":[18],"47":[28],"48":[43],"49":[201],"50":[134],"51":[67],"52":[154],"53":[38],"54":[116],"55":[0],"56":[0],"57":[43],"58":[43],"59":[201],"60":[169],"61":[136],"62":[102],"63":[67],"64":[154],"65":[9],"66":[8],"67":[1],"68":[3],"69":[0]},"fnMap":{"0":{"name":"createSwitchbackApp","decl":{"start":{"line":52,"column":7},"end":{"line":62,"column":1}},"loc":{"start":{"line":52,"column":7},"end":{"line":62,"column":1}},"line":52},"1":{"name":"visit","decl":{"start":{"line":65,"column":7},"end":{"line":83,"column":1}},"loc":{"start":{"line":65,"column":7},"end":{"line":83,"column":1}},"line":65},"2":{"name":"visitWithFetch","decl":{"start":{"line":85,"column":0},"end":{"line":122,"column":1}},"loc":{"start":{"line":85,"column":0},"end":{"line":122,"column":1}},"line":85},"3":{"name":"visitWithXhr","decl":{"start":{"line":124,"column":0},"end":{"line":166,"column":1}},"loc":{"start":{"line":124,"column":0},"end":{"line":166,"column":1}},"line":124},"4":{"name":"swapPage","decl":{"start":{"line":168,"column":0},"end":{"line":212,"column":1}},"loc":{"start":{"line":168,"column":0},"end":{"line":212,"column":1}},"line":168},"5":{"name":"setupInterceptors","decl":{"start":{"line":214,"column":0},"end":{"line":246,"column":1}},"loc":{"start":{"line":214,"column":0},"end":{"line":246,"column":1}},"line":214},"6":{"name":"setupHistoryListener","decl":{"start":{"line":248,"column":0},"end":{"line":254,"column":1}},"loc":{"start":{"line":248,"column":0},"end":{"line":254,"column":1}},"line":248},"7":{"name":"shouldIntercept","decl":{"start":{"line":256,"column":0},"end":{"line":265,"column":1}},"loc":{"start":{"line":256,"column":0},"end":{"line":265,"column":1}},"line":256},"8":{"name":"shouldInterceptForm","decl":{"start":{"line":267,"column":0},"end":{"line":269,"column":1}},"loc":{"start":{"line":267,"column":0},"end":{"line":269,"column":1}},"line":267},"9":{"name":"tryParseJson","decl":{"start":{"line":271,"column":0},"end":{"line":277,"column":1}},"loc":{"start":{"line":271,"column":0},"end":{"line":277,"column":1}},"line":271},"10":{"name":"page","decl":{"start":{"line":280,"column":7},"end":{"line":282,"column":1}},"loc":{"start":{"line":280,"column":7},"end":{"line":282,"column":1}},"line":280},"11":{"name":"reload","decl":{"start":{"line":285,"column":7},"end":{"line":288,"column":1}},"loc":{"start":{"line":285,"column":7},"end":{"line":288,"column":1}},"line":285}},"f":{"0":43,"1":208,"2":208,"3":0,"4":248,"5":43,"6":43,"7":201,"8":154,"9":0,"10":9,"11":3}}
}
